<?xml version="1.0" encoding="UTF-8"?>
<testng-results ignored="0" total="2" passed="2" failed="0" skipped="0">
  <reporter-output>
  </reporter-output>
  <suite started-at="2024-05-11T09:58:16 IST" name="Suite" finished-at="2024-05-11T09:58:19 IST" duration-ms="2937">
    <groups>
    </groups>
    <test started-at="2024-05-11T09:58:16 IST" name="Test" finished-at="2024-05-11T09:58:19 IST" duration-ms="2937">
      <class name="testCase.LoginTest">
        <test-method is-config="true" signature="beforeSuite()[pri:0, instance:testCase.LoginTest@3527942a]" started-at="2024-05-11T09:58:10 IST" name="beforeSuite" finished-at="2024-05-11T09:58:16 IST" duration-ms="6175" status="PASS">
          <reporter-output>
          </reporter-output>
        </test-method> <!-- beforeSuite -->
        <test-method signature="verifyPageTitle()[pri:1, instance:testCase.LoginTest@3527942a]" started-at="2024-05-11T09:58:16 IST" name="verifyPageTitle" finished-at="2024-05-11T09:58:16 IST" duration-ms="62" status="PASS">
          <reporter-output>
          </reporter-output>
        </test-method> <!-- verifyPageTitle -->
        <test-method is-config="true" signature="afterMethod(org.testng.ITestResult)[pri:0, instance:testCase.LoginTest@3527942a]" started-at="2024-05-11T09:58:17 IST" name="afterMethod" finished-at="2024-05-11T09:58:17 IST" duration-ms="2" status="PASS">
          <params>
            <param index="0">
              <value>
                <![CDATA[[TestResult name=verifyPageTitle status=SUCCESS method=LoginTest.verifyPageTitle()[pri:1, instance:testCase.LoginTest@3527942a] output={null}]]]>
              </value>
            </param>
          </params>
          <reporter-output>
          </reporter-output>
        </test-method> <!-- afterMethod -->
        <test-method signature="loginToApp(java.util.Map)[pri:2, instance:testCase.LoginTest@3527942a]" started-at="2024-05-11T09:58:18 IST" name="loginToApp" data-provider="LoginData" finished-at="2024-05-11T09:58:19 IST" duration-ms="1283" status="PASS">
          <params>
            <param index="0">
              <value>
                <![CDATA[{password=secret_sauce, username=standard_user}]]>
              </value>
            </param>
          </params>
          <reporter-output>
          </reporter-output>
        </test-method> <!-- loginToApp -->
        <test-method is-config="true" signature="afterMethod(org.testng.ITestResult)[pri:0, instance:testCase.LoginTest@3527942a]" started-at="2024-05-11T09:58:19 IST" name="afterMethod" finished-at="2024-05-11T09:58:19 IST" duration-ms="2" status="PASS">
          <params>
            <param index="0">
              <value>
                <![CDATA[[TestResult name=loginToApp status=SUCCESS method=LoginTest.loginToApp(java.util.Map)[pri:2, instance:testCase.LoginTest@3527942a] output={null}]]]>
              </value>
            </param>
          </params>
          <reporter-output>
          </reporter-output>
        </test-method> <!-- afterMethod -->
        <test-method is-config="true" signature="dearDown()[pri:0, instance:testCase.LoginTest@3527942a]" started-at="2024-05-11T09:58:19 IST" name="dearDown" finished-at="2024-05-11T09:58:20 IST" duration-ms="382" status="PASS">
          <reporter-output>
          </reporter-output>
        </test-method> <!-- dearDown -->
      </class> <!-- testCase.LoginTest -->
    </test> <!-- Test -->
  </suite> <!-- Suite -->
</testng-results>
